0 info it worked if it ends with ok
1 verbose cli [ '/Users/juanes/.nvm/versions/node/v6.0.0/bin/node',
1 verbose cli   '/Users/juanes/.nvm/versions/node/v6.0.0/bin/npm',
1 verbose cli   'start' ]
2 info using npm@3.8.6
3 info using node@v6.0.0
4 verbose run-script [ 'prestart', 'start', 'poststart' ]
5 info lifecycle CVC-Backend-Mock@0.0.1~prestart: CVC-Backend-Mock@0.0.1
6 silly lifecycle CVC-Backend-Mock@0.0.1~prestart: no script for prestart, continuing
7 info lifecycle CVC-Backend-Mock@0.0.1~start: CVC-Backend-Mock@0.0.1
8 verbose lifecycle CVC-Backend-Mock@0.0.1~start: unsafe-perm in lifecycle true
9 verbose lifecycle CVC-Backend-Mock@0.0.1~start: PATH: /Users/juanes/.nvm/versions/node/v6.0.0/lib/node_modules/npm/bin/node-gyp-bin:/Users/juanes/Developer/freelance/backend-cvc-mock/node_modules/.bin:/Users/juanes/.nvm/versions/node/v6.0.0/bin:/Users/juanes/.nvm/versions/node/v6.0.0/bin:/Users/juanes/google-cloud-sdk/bin:/usr/local/bin:/usr/bin:/bin:/usr/sbin:/sbin:/Users/juanes/.google_appengine/:/Users/juanes/Developer/android-sdk-macosx/tools:/Users/juanes/Developer/android-sdk-macosx/platform-tools
10 verbose lifecycle CVC-Backend-Mock@0.0.1~start: CWD: /Users/juanes/Developer/freelance/backend-cvc-mock
11 silly lifecycle CVC-Backend-Mock@0.0.1~start: Args: [ '-c', 'nodemon index.js' ]
12 info lifecycle CVC-Backend-Mock@0.0.1~start: Failed to exec start script
13 verbose stack Error: CVC-Backend-Mock@0.0.1 start: `nodemon index.js`
13 verbose stack spawn ENOENT
13 verbose stack     at ChildProcess.<anonymous> (/Users/juanes/.nvm/versions/node/v6.0.0/lib/node_modules/npm/lib/utils/spawn.js:17:16)
13 verbose stack     at emitTwo (events.js:106:13)
13 verbose stack     at ChildProcess.emit (events.js:191:7)
13 verbose stack     at maybeClose (internal/child_process.js:850:16)
13 verbose stack     at Process.ChildProcess._handle.onexit (internal/child_process.js:215:5)
14 verbose pkgid CVC-Backend-Mock@0.0.1
15 verbose cwd /Users/juanes/Developer/freelance/backend-cvc-mock
16 error Darwin 15.3.0
17 error argv "/Users/juanes/.nvm/versions/node/v6.0.0/bin/node" "/Users/juanes/.nvm/versions/node/v6.0.0/bin/npm" "start"
18 error node v6.0.0
19 error npm  v3.8.6
20 error file sh
21 error code ELIFECYCLE
22 error errno ENOENT
23 error syscall spawn
24 error CVC-Backend-Mock@0.0.1 start: `nodemon index.js`
24 error spawn ENOENT
25 error Failed at the CVC-Backend-Mock@0.0.1 start script 'nodemon index.js'.
25 error Make sure you have the latest version of node.js and npm installed.
25 error If you do, this is most likely a problem with the CVC-Backend-Mock package,
25 error not with npm itself.
25 error Tell the author that this fails on your system:
25 error     nodemon index.js
25 error You can get information on how to open an issue for this project with:
25 error     npm bugs CVC-Backend-Mock
25 error Or if that isn't available, you can get their info via:
25 error     npm owner ls CVC-Backend-Mock
25 error There is likely additional logging output above.
26 verbose exit [ 1, true ]
